This file contains any messages produced by compilers while
running configure, to aid debugging if configure makes a mistake.

It was created by phidget22 C Library configure 1.17.20231004, which was
generated by GNU Autoconf 2.69.  Invocation command line was

  $ ./configure 

## --------- ##
## Platform. ##
## --------- ##

hostname = stephenq0503-ThinkPad-T480
uname -m = x86_64
uname -r = 5.15.0-86-generic
uname -s = Linux
uname -v = #96~20.04.1-Ubuntu SMP Thu Sep 21 13:23:37 UTC 2023

/usr/bin/uname -p = x86_64
/bin/uname -X     = unknown

/bin/arch              = x86_64
/usr/bin/arch -k       = unknown
/usr/convex/getsysinfo = unknown
/usr/bin/hostinfo      = unknown
/bin/machine           = unknown
/usr/bin/oslevel       = unknown
/bin/universe          = unknown

PATH: /opt/ros/noetic/bin
PATH: /usr/local/sbin
PATH: /usr/local/bin
PATH: /usr/sbin
PATH: /usr/bin
PATH: /sbin
PATH: /bin
PATH: /usr/games
PATH: /usr/local/games
PATH: /snap/bin


## ----------- ##
## Core tests. ##
## ----------- ##

configure:2177: checking for a BSD-compatible install
configure:2245: result: /usr/bin/install -c
configure:2256: checking whether build environment is sane
configure:2311: result: yes
configure:2460: checking for a thread-safe mkdir -p
configure:2499: result: /usr/bin/mkdir -p
configure:2506: checking for gawk
configure:2536: result: no
configure:2506: checking for mawk
configure:2522: found /usr/bin/mawk
configure:2533: result: mawk
configure:2544: checking whether make sets $(MAKE)
configure:2566: result: yes
configure:2595: checking whether make supports nested variables
configure:2612: result: yes
configure:2750: checking for style of include used by make
configure:2778: result: GNU
configure:2849: checking for gcc
configure:2865: found /usr/bin/gcc
configure:2876: result: gcc
configure:3105: checking for C compiler version
configure:3114: gcc --version >&5
gcc (Ubuntu 9.4.0-1ubuntu1~20.04.2) 9.4.0
Copyright (C) 2019 Free Software Foundation, Inc.
This is free software; see the source for copying conditions.  There is NO
warranty; not even for MERCHANTABILITY or FITNESS FOR A PARTICULAR PURPOSE.

configure:3125: $? = 0
configure:3114: gcc -v >&5
Using built-in specs.
COLLECT_GCC=gcc
COLLECT_LTO_WRAPPER=/usr/lib/gcc/x86_64-linux-gnu/9/lto-wrapper
OFFLOAD_TARGET_NAMES=nvptx-none:hsa
OFFLOAD_TARGET_DEFAULT=1
Target: x86_64-linux-gnu
Configured with: ../src/configure -v --with-pkgversion='Ubuntu 9.4.0-1ubuntu1~20.04.2' --with-bugurl=file:///usr/share/doc/gcc-9/README.Bugs --enable-languages=c,ada,c++,go,brig,d,fortran,objc,obj-c++,gm2 --prefix=/usr --with-gcc-major-version-only --program-suffix=-9 --program-prefix=x86_64-linux-gnu- --enable-shared --enable-linker-build-id --libexecdir=/usr/lib --without-included-gettext --enable-threads=posix --libdir=/usr/lib --enable-nls --enable-clocale=gnu --enable-libstdcxx-debug --enable-libstdcxx-time=yes --with-default-libstdcxx-abi=new --enable-gnu-unique-object --disable-vtable-verify --enable-plugin --enable-default-pie --with-system-zlib --with-target-system-zlib=auto --enable-objc-gc=auto --enable-multiarch --disable-werror --with-arch-32=i686 --with-abi=m64 --with-multilib-list=m32,m64,mx32 --enable-multilib --with-tune=generic --enable-offload-targets=nvptx-none=/build/gcc-9-9QDOt0/gcc-9-9.4.0/debian/tmp-nvptx/usr,hsa --without-cuda-driver --enable-checking=release --build=x86_64-linux-gnu --host=x86_64-linux-gnu --target=x86_64-linux-gnu
Thread model: posix
gcc version 9.4.0 (Ubuntu 9.4.0-1ubuntu1~20.04.2) 
configure:3125: $? = 0
configure:3114: gcc -V >&5
gcc: error: unrecognized command line option '-V'
gcc: fatal error: no input files
compilation terminated.
configure:3125: $? = 1
configure:3114: gcc -qversion >&5
gcc: error: unrecognized command line option '-qversion'; did you mean '--version'?
gcc: fatal error: no input files
compilation terminated.
configure:3125: $? = 1
configure:3145: checking whether the C compiler works
configure:3167: gcc    conftest.c  >&5
configure:3171: $? = 0
configure:3219: result: yes
configure:3222: checking for C compiler default output file name
configure:3224: result: a.out
configure:3230: checking for suffix of executables
configure:3237: gcc -o conftest    conftest.c  >&5
configure:3241: $? = 0
configure:3263: result: 
configure:3285: checking whether we are cross compiling
configure:3293: gcc -o conftest    conftest.c  >&5
configure:3297: $? = 0
configure:3304: ./conftest
configure:3308: $? = 0
configure:3296: result: no
configure:3301: checking for suffix of object files
configure:3323: gcc -c   conftest.c >&5
configure:3327: $? = 0
configure:3348: result: o
configure:3352: checking whether we are using the GNU C compiler
configure:3371: gcc -c   conftest.c >&5
configure:3371: $? = 0
configure:3380: result: yes
configure:3389: checking whether gcc accepts -g
configure:3409: gcc -c -g  conftest.c >&5
configure:3409: $? = 0
configure:3450: result: yes
configure:3467: checking for gcc option to accept ISO C89
configure:3530: gcc  -c -g -O2  conftest.c >&5
configure:3530: $? = 0
configure:3543: result: none needed
configure:3568: checking whether gcc understands -c and -o together
configure:3590: gcc -c conftest.c -o conftest2.o
configure:3593: $? = 0
configure:3590: gcc -c conftest.c -o conftest2.o
configure:3593: $? = 0
configure:3605: result: yes
configure:3624: checking dependency style of gcc
configure:3735: result: gcc3
configure:3800: checking for ar
configure:3816: found /usr/bin/ar
configure:3827: result: ar
configure:3853: checking the archiver (ar) interface
configure:3869: gcc -c -g -O2  conftest.c >&5
configure:3869: $? = 0
configure:3871: ar cru libconftest.a conftest.o >&5
ar: `u' modifier ignored since `D' is the default (see `U')
configure:3874: $? = 0
configure:3873: result: ar
configure:3901: checking build system type
configure:3915: result: x86_64-unknown-linux-gnu
configure:3935: checking host system type
configure:3948: result: x86_64-unknown-linux-gnu
configure:4051: checking how to print strings
configure:4078: result: printf
configure:4099: checking for a sed that does not truncate output
configure:4163: result: /usr/bin/sed
configure:4181: checking for grep that handles long lines and -e
configure:4239: result: /usr/bin/grep
configure:4244: checking for egrep
configure:4306: result: /usr/bin/grep -E
configure:4311: checking for fgrep
configure:4373: result: /usr/bin/grep -F
configure:4408: checking for ld used by gcc
configure:4475: result: /usr/bin/ld
configure:4482: checking if the linker (/usr/bin/ld) is GNU ld
configure:4497: result: yes
configure:4509: checking for BSD- or MS-compatible name lister (nm)
configure:4558: result: /usr/bin/nm -B
configure:4688: checking the name lister (/usr/bin/nm -B) interface
configure:4695: gcc -c -g -O2  conftest.c >&5
configure:4698: /usr/bin/nm -B "conftest.o"
configure:4701: output
0000000000000000 B some_variable
configure:4702: result: BSD nm
configure:4705: checking whether ln -s works
configure:4709: result: yes
configure:4717: checking the maximum length of command line arguments
configure:4848: result: 1572864
configure:4865: checking whether the shell understands some XSI constructs
configure:4874: result: yes
configure:4878: checking whether the shell understands "+="
configure:4882: result: yes
configure:4917: checking how to convert x86_64-unknown-linux-gnu file names to x86_64-unknown-linux-gnu format
configure:4957: result: func_convert_file_noop
configure:4964: checking how to convert x86_64-unknown-linux-gnu file names to toolchain format
configure:4984: result: func_convert_file_noop
configure:4991: checking for /usr/bin/ld option to reload object files
configure:4998: result: -r
configure:5072: checking for objdump
configure:5088: found /usr/bin/objdump
configure:5099: result: objdump
configure:5131: checking how to recognize dependent libraries
configure:5329: result: pass_all
configure:5414: checking for dlltool
configure:5444: result: no
configure:5474: checking how to associate runtime and link libraries
configure:5501: result: printf %s\n
configure:5625: checking for archiver @FILE support
configure:5642: gcc -c -g -O2  conftest.c >&5
configure:5642: $? = 0
configure:5645: ar cru libconftest.a @conftest.lst >&5
ar: `u' modifier ignored since `D' is the default (see `U')
configure:5648: $? = 0
configure:5653: ar cru libconftest.a @conftest.lst >&5
ar: `u' modifier ignored since `D' is the default (see `U')
ar: conftest.o: No such file or directory
configure:5656: $? = 1
configure:5655: result: @
configure:5713: checking for strip
configure:5729: found /usr/bin/strip
configure:5740: result: strip
configure:5812: checking for ranlib
configure:5828: found /usr/bin/ranlib
configure:5839: result: ranlib
configure:5941: checking command to parse /usr/bin/nm -B output from gcc object
configure:6061: gcc -c -g -O2  conftest.c >&5
configure:6064: $? = 0
configure:6068: /usr/bin/nm -B conftest.o \| sed -n -e 's/^.*[ ]\([ABCDGIRSTW][ABCDGIRSTW]*\)[ ][ ]*\([_A-Za-z][_A-Za-z0-9]*\)$/\1 \2 \2/p' | sed '/ __gnu_lto/d' \> conftest.nm
configure:6071: $? = 0
configure:6137: gcc -o conftest -g -O2   conftest.c conftstm.o >&5
configure:6140: $? = 0
configure:6178: result: ok
configure:6215: checking for sysroot
configure:6245: result: no
configure:6322: gcc -c -g -O2  conftest.c >&5
configure:6325: $? = 0
configure:6514: checking for mt
configure:6530: found /usr/bin/mt
configure:6541: result: mt
configure:6564: checking if mt is a manifest tool
configure:6570: mt '-?'
configure:6578: result: no
configure:7220: checking how to run the C preprocessor
configure:7251: gcc -E  conftest.c
configure:7251: $? = 0
configure:7265: gcc -E  conftest.c
conftest.c:14:10: fatal error: ac_nonexistent.h: No such file or directory
   14 | #include <ac_nonexistent.h>
      |          ^~~~~~~~~~~~~~~~~~
compilation terminated.
configure:7265: $? = 1
configure: failed program was:
| /* confdefs.h */
| #define PACKAGE_NAME "phidget22 C Library"
| #define PACKAGE_TARNAME "libphidget22"
| #define PACKAGE_VERSION "1.17.20231004"
| #define PACKAGE_STRING "phidget22 C Library 1.17.20231004"
| #define PACKAGE_BUGREPORT "support@phidgets.com"
| #define PACKAGE_URL "www.phidgets.com"
| #define PACKAGE "libphidget22"
| #define VERSION "1.17.20231004"
| #define P22_LIB_VERSION "1.17.20231004"
| #define _HOST_CPU x86_64
| #define _MACHINE x86_64
| /* end confdefs.h.  */
| #include <ac_nonexistent.h>
configure:7290: result: gcc -E
configure:7310: gcc -E  conftest.c
configure:7310: $? = 0
configure:7324: gcc -E  conftest.c
conftest.c:14:10: fatal error: ac_nonexistent.h: No such file or directory
   14 | #include <ac_nonexistent.h>
      |          ^~~~~~~~~~~~~~~~~~
compilation terminated.
configure:7324: $? = 1
configure: failed program was:
| /* confdefs.h */
| #define PACKAGE_NAME "phidget22 C Library"
| #define PACKAGE_TARNAME "libphidget22"
| #define PACKAGE_VERSION "1.17.20231004"
| #define PACKAGE_STRING "phidget22 C Library 1.17.20231004"
| #define PACKAGE_BUGREPORT "support@phidgets.com"
| #define PACKAGE_URL "www.phidgets.com"
| #define PACKAGE "libphidget22"
| #define VERSION "1.17.20231004"
| #define P22_LIB_VERSION "1.17.20231004"
| #define _HOST_CPU x86_64
| #define _MACHINE x86_64
| /* end confdefs.h.  */
| #include <ac_nonexistent.h>
configure:7353: checking for ANSI C header files
configure:7373: gcc -c -g -O2  conftest.c >&5
configure:7373: $? = 0
configure:7446: gcc -o conftest -g -O2   conftest.c  >&5
configure:7446: $? = 0
configure:7446: ./conftest
configure:7446: $? = 0
configure:7457: result: yes
configure:7470: checking for sys/types.h
configure:7470: gcc -c -g -O2  conftest.c >&5
configure:7470: $? = 0
configure:7470: result: yes
configure:7470: checking for sys/stat.h
configure:7470: gcc -c -g -O2  conftest.c >&5
configure:7470: $? = 0
configure:7470: result: yes
configure:7470: checking for stdlib.h
configure:7470: gcc -c -g -O2  conftest.c >&5
configure:7470: $? = 0
configure:7470: result: yes
configure:7470: checking for string.h
configure:7470: gcc -c -g -O2  conftest.c >&5
configure:7470: $? = 0
configure:7470: result: yes
configure:7470: checking for memory.h
configure:7470: gcc -c -g -O2  conftest.c >&5
configure:7470: $? = 0
configure:7470: result: yes
configure:7470: checking for strings.h
configure:7470: gcc -c -g -O2  conftest.c >&5
configure:7470: $? = 0
configure:7470: result: yes
configure:7470: checking for inttypes.h
configure:7470: gcc -c -g -O2  conftest.c >&5
configure:7470: $? = 0
configure:7470: result: yes
configure:7470: checking for stdint.h
configure:7470: gcc -c -g -O2  conftest.c >&5
configure:7470: $? = 0
configure:7470: result: yes
configure:7470: checking for unistd.h
configure:7470: gcc -c -g -O2  conftest.c >&5
configure:7470: $? = 0
configure:7470: result: yes
configure:7484: checking for dlfcn.h
configure:7484: gcc -c -g -O2  conftest.c >&5
configure:7484: $? = 0
configure:7484: result: yes
configure:7690: checking for objdir
configure:7705: result: .libs
configure:7976: checking if gcc supports -fno-rtti -fno-exceptions
configure:7994: gcc -c -g -O2  -fno-rtti -fno-exceptions conftest.c >&5
cc1: warning: command line option '-fno-rtti' is valid for C++/D/ObjC++ but not for C
configure:7998: $? = 0
configure:8011: result: no
configure:8338: checking for gcc option to produce PIC
configure:8345: result: -fPIC -DPIC
configure:8353: checking if gcc PIC flag -fPIC -DPIC works
configure:8371: gcc -c -g -O2  -fPIC -DPIC -DPIC conftest.c >&5
configure:8375: $? = 0
configure:8388: result: yes
configure:8417: checking if gcc static flag -static works
configure:8445: result: yes
configure:8460: checking if gcc supports -c -o file.o
configure:8481: gcc -c -g -O2  -o out/conftest2.o conftest.c >&5
configure:8485: $? = 0
configure:8507: result: yes
configure:8515: checking if gcc supports -c -o file.o
configure:8562: result: yes
configure:8595: checking whether the gcc linker (/usr/bin/ld -m elf_x86_64) supports shared libraries
configure:9752: result: yes
configure:9789: checking whether -lc should be explicitly linked in
configure:9797: gcc -c -g -O2  conftest.c >&5
configure:9800: $? = 0
configure:9815: gcc -shared  -fPIC -DPIC conftest.o  -v -Wl,-soname -Wl,conftest -o conftest 2\>\&1 \| /usr/bin/grep  -lc  \>/dev/null 2\>\&1
configure:9818: $? = 0
configure:9832: result: no
configure:9992: checking dynamic linker characteristics
configure:10492: gcc -o conftest -g -O2   -Wl,-rpath -Wl,/foo conftest.c  >&5
configure:10492: $? = 0
configure:10726: result: GNU/Linux ld.so
configure:10833: checking how to hardcode library paths into programs
configure:10858: result: immediate
configure:11398: checking whether stripping libraries is possible
configure:11403: result: yes
configure:11438: checking if libtool supports shared libraries
configure:11440: result: yes
configure:11443: checking whether to build shared libraries
configure:11464: result: yes
configure:11467: checking whether to build static libraries
configure:11471: result: yes
configure:8525: checking whether make supports nested variables
configure:8542: result: yes
configure:8557: checking for gcc option to accept ISO C99
configure:8706: gcc  -c -g -O2  conftest.c >&5
configure:8706: $? = 0
configure:8719: result: none needed
configure:8739: checking whether byte ordering is bigendian
configure:8754: gcc -c -g -O2  conftest.c >&5
conftest.c:27:9: error: unknown type name 'not'
   27 |         not a universal capable compiler
      |         ^~~
conftest.c:27:15: error: expected '=', ',', ';', 'asm' or '__attribute__' before 'universal'
   27 |         not a universal capable compiler
      |               ^~~~~~~~~
conftest.c:27:15: error: unknown type name 'universal'
configure:8754: $? = 1
configure: failed program was:
| /* confdefs.h */
| #define PACKAGE_NAME "phidget22 C Library"
| #define PACKAGE_TARNAME "libphidget22"
| #define PACKAGE_VERSION "1.17.20231004"
| #define PACKAGE_STRING "phidget22 C Library 1.17.20231004"
| #define PACKAGE_BUGREPORT "support@phidgets.com"
| #define PACKAGE_URL "www.phidgets.com"
| #define PACKAGE "libphidget22"
| #define VERSION "1.17.20231004"
| #define P22_LIB_VERSION "1.17.20231004"
| #define _HOST_CPU x86_64
| #define _MACHINE x86_64
| #define STDC_HEADERS 1
| #define HAVE_SYS_TYPES_H 1
| #define HAVE_SYS_STAT_H 1
| #define HAVE_STDLIB_H 1
| #define HAVE_STRING_H 1
| #define HAVE_MEMORY_H 1
| #define HAVE_STRINGS_H 1
| #define HAVE_INTTYPES_H 1
| #define HAVE_STDINT_H 1
| #define HAVE_UNISTD_H 1
| #define HAVE_DLFCN_H 1
| #define LT_OBJDIR ".libs/"
| /* end confdefs.h.  */
| #ifndef __APPLE_CC__
| 	       not a universal capable compiler
| 	     #endif
| 	     typedef int dummy;
| 
configure:8799: gcc -c -g -O2  conftest.c >&5
configure:8799: $? = 0
configure:8817: gcc -c -g -O2  conftest.c >&5
conftest.c: In function 'main':
conftest.c:33:4: error: unknown type name 'not'; did you mean 'ino_t'?
   33 |    not big endian
      |    ^~~
      |    ino_t
conftest.c:33:12: error: expected '=', ',', ';', 'asm' or '__attribute__' before 'endian'
   33 |    not big endian
      |            ^~~~~~
configure:8817: $? = 1
configure: failed program was:
| /* confdefs.h */
| #define PACKAGE_NAME "phidget22 C Library"
| #define PACKAGE_TARNAME "libphidget22"
| #define PACKAGE_VERSION "1.17.20231004"
| #define PACKAGE_STRING "phidget22 C Library 1.17.20231004"
| #define PACKAGE_BUGREPORT "support@phidgets.com"
| #define PACKAGE_URL "www.phidgets.com"
| #define PACKAGE "libphidget22"
| #define VERSION "1.17.20231004"
| #define P22_LIB_VERSION "1.17.20231004"
| #define _HOST_CPU x86_64
| #define _MACHINE x86_64
| #define STDC_HEADERS 1
| #define HAVE_SYS_TYPES_H 1
| #define HAVE_SYS_STAT_H 1
| #define HAVE_STDLIB_H 1
| #define HAVE_STRING_H 1
| #define HAVE_MEMORY_H 1
| #define HAVE_STRINGS_H 1
| #define HAVE_INTTYPES_H 1
| #define HAVE_STDINT_H 1
| #define HAVE_UNISTD_H 1
| #define HAVE_DLFCN_H 1
| #define LT_OBJDIR ".libs/"
| /* end confdefs.h.  */
| #include <sys/types.h>
| 		#include <sys/param.h>
| 
| int
| main ()
| {
| #if BYTE_ORDER != BIG_ENDIAN
| 		 not big endian
| 		#endif
| 
|   ;
|   return 0;
| }
configure:8945: result: no
configure:8970: checking for ldconfig
configure:8988: found /sbin/ldconfig
configure:9001: result: /sbin/ldconfig
configure:9013: checking for library containing dlopen
configure:9044: gcc -o conftest -g -O2   conftest.c  >&5
/usr/bin/ld: /tmp/cciRGHXu.o: in function `main':
/home/stephenq0503/Desktop/Rover/RoverFlake/libphidget22-1.17.20231004/conftest.c:38: undefined reference to `dlopen'
collect2: error: ld returned 1 exit status
configure:9044: $? = 1
configure: failed program was:
| /* confdefs.h */
| #define PACKAGE_NAME "phidget22 C Library"
| #define PACKAGE_TARNAME "libphidget22"
| #define PACKAGE_VERSION "1.17.20231004"
| #define PACKAGE_STRING "phidget22 C Library 1.17.20231004"
| #define PACKAGE_BUGREPORT "support@phidgets.com"
| #define PACKAGE_URL "www.phidgets.com"
| #define PACKAGE "libphidget22"
| #define VERSION "1.17.20231004"
| #define P22_LIB_VERSION "1.17.20231004"
| #define _HOST_CPU x86_64
| #define _MACHINE x86_64
| #define STDC_HEADERS 1
| #define HAVE_SYS_TYPES_H 1
| #define HAVE_SYS_STAT_H 1
| #define HAVE_STDLIB_H 1
| #define HAVE_STRING_H 1
| #define HAVE_MEMORY_H 1
| #define HAVE_STRINGS_H 1
| #define HAVE_INTTYPES_H 1
| #define HAVE_STDINT_H 1
| #define HAVE_UNISTD_H 1
| #define HAVE_DLFCN_H 1
| #define LT_OBJDIR ".libs/"
| #define MOS_BYTE_ORDER MOS_LITTLE_ENDIAN
| /* end confdefs.h.  */
| 
| /* Override any GCC internal prototype to avoid an error.
|    Use char because int might match the return type of a GCC
|    builtin and then its argument prototype would still apply.  */
| #ifdef __cplusplus
| extern "C"
| #endif
| char dlopen ();
| int
| main ()
| {
| return dlopen ();
|   ;
|   return 0;
| }
configure:9044: gcc -o conftest -g -O2   conftest.c -ldl   >&5
configure:9044: $? = 0
configure:9061: result: -ldl
configure:9071: checking for library containing sqrt
configure:9102: gcc -o conftest -g -O2   conftest.c -ldl  >&5
conftest.c:34:6: warning: conflicting types for built-in function 'sqrt'; expected 'double(double)' [-Wbuiltin-declaration-mismatch]
   34 | char sqrt ();
      |      ^~~~
conftest.c:1:1: note: 'sqrt' is declared in header '<math.h>'
    1 | /* confdefs.h */
/usr/bin/ld: /tmp/cctTBrsi.o: in function `main':
/home/stephenq0503/Desktop/Rover/RoverFlake/libphidget22-1.17.20231004/conftest.c:38: undefined reference to `sqrt'
collect2: error: ld returned 1 exit status
configure:9102: $? = 1
configure: failed program was:
| /* confdefs.h */
| #define PACKAGE_NAME "phidget22 C Library"
| #define PACKAGE_TARNAME "libphidget22"
| #define PACKAGE_VERSION "1.17.20231004"
| #define PACKAGE_STRING "phidget22 C Library 1.17.20231004"
| #define PACKAGE_BUGREPORT "support@phidgets.com"
| #define PACKAGE_URL "www.phidgets.com"
| #define PACKAGE "libphidget22"
| #define VERSION "1.17.20231004"
| #define P22_LIB_VERSION "1.17.20231004"
| #define _HOST_CPU x86_64
| #define _MACHINE x86_64
| #define STDC_HEADERS 1
| #define HAVE_SYS_TYPES_H 1
| #define HAVE_SYS_STAT_H 1
| #define HAVE_STDLIB_H 1
| #define HAVE_STRING_H 1
| #define HAVE_MEMORY_H 1
| #define HAVE_STRINGS_H 1
| #define HAVE_INTTYPES_H 1
| #define HAVE_STDINT_H 1
| #define HAVE_UNISTD_H 1
| #define HAVE_DLFCN_H 1
| #define LT_OBJDIR ".libs/"
| #define MOS_BYTE_ORDER MOS_LITTLE_ENDIAN
| /* end confdefs.h.  */
| 
| /* Override any GCC internal prototype to avoid an error.
|    Use char because int might match the return type of a GCC
|    builtin and then its argument prototype would still apply.  */
| #ifdef __cplusplus
| extern "C"
| #endif
| char sqrt ();
| int
| main ()
| {
| return sqrt ();
|   ;
|   return 0;
| }
configure:9102: gcc -o conftest -g -O2   conftest.c -lm  -ldl  >&5
conftest.c:34:6: warning: conflicting types for built-in function 'sqrt'; expected 'double(double)' [-Wbuiltin-declaration-mismatch]
   34 | char sqrt ();
      |      ^~~~
conftest.c:1:1: note: 'sqrt' is declared in header '<math.h>'
    1 | /* confdefs.h */
configure:9102: $? = 0
configure:9119: result: -lm
configure:9129: checking for library containing pthread_create
configure:9160: gcc -o conftest -g -O2   conftest.c -lm -ldl  >&5
/usr/bin/ld: /tmp/ccW4vCWk.o: in function `main':
/home/stephenq0503/Desktop/Rover/RoverFlake/libphidget22-1.17.20231004/conftest.c:38: undefined reference to `pthread_create'
collect2: error: ld returned 1 exit status
configure:9160: $? = 1
configure: failed program was:
| /* confdefs.h */
| #define PACKAGE_NAME "phidget22 C Library"
| #define PACKAGE_TARNAME "libphidget22"
| #define PACKAGE_VERSION "1.17.20231004"
| #define PACKAGE_STRING "phidget22 C Library 1.17.20231004"
| #define PACKAGE_BUGREPORT "support@phidgets.com"
| #define PACKAGE_URL "www.phidgets.com"
| #define PACKAGE "libphidget22"
| #define VERSION "1.17.20231004"
| #define P22_LIB_VERSION "1.17.20231004"
| #define _HOST_CPU x86_64
| #define _MACHINE x86_64
| #define STDC_HEADERS 1
| #define HAVE_SYS_TYPES_H 1
| #define HAVE_SYS_STAT_H 1
| #define HAVE_STDLIB_H 1
| #define HAVE_STRING_H 1
| #define HAVE_MEMORY_H 1
| #define HAVE_STRINGS_H 1
| #define HAVE_INTTYPES_H 1
| #define HAVE_STDINT_H 1
| #define HAVE_UNISTD_H 1
| #define HAVE_DLFCN_H 1
| #define LT_OBJDIR ".libs/"
| #define MOS_BYTE_ORDER MOS_LITTLE_ENDIAN
| /* end confdefs.h.  */
| 
| /* Override any GCC internal prototype to avoid an error.
|    Use char because int might match the return type of a GCC
|    builtin and then its argument prototype would still apply.  */
| #ifdef __cplusplus
| extern "C"
| #endif
| char pthread_create ();
| int
| main ()
| {
| return pthread_create ();
|   ;
|   return 0;
| }
configure:9160: gcc -o conftest -g -O2   conftest.c -lpthread  -lm -ldl  >&5
configure:9160: $? = 0
configure:9177: result: -lpthread
configure:9188: checking for library containing libusb_init
configure:9219: gcc -o conftest -g -O2   conftest.c -lpthread -lm -ldl  >&5
/usr/bin/ld: /tmp/ccRcb998.o: in function `main':
/home/stephenq0503/Desktop/Rover/RoverFlake/libphidget22-1.17.20231004/conftest.c:39: undefined reference to `libusb_init'
collect2: error: ld returned 1 exit status
configure:9219: $? = 1
configure: failed program was:
| /* confdefs.h */
| #define PACKAGE_NAME "phidget22 C Library"
| #define PACKAGE_TARNAME "libphidget22"
| #define PACKAGE_VERSION "1.17.20231004"
| #define PACKAGE_STRING "phidget22 C Library 1.17.20231004"
| #define PACKAGE_BUGREPORT "support@phidgets.com"
| #define PACKAGE_URL "www.phidgets.com"
| #define PACKAGE "libphidget22"
| #define VERSION "1.17.20231004"
| #define P22_LIB_VERSION "1.17.20231004"
| #define _HOST_CPU x86_64
| #define _MACHINE x86_64
| #define STDC_HEADERS 1
| #define HAVE_SYS_TYPES_H 1
| #define HAVE_SYS_STAT_H 1
| #define HAVE_STDLIB_H 1
| #define HAVE_STRING_H 1
| #define HAVE_MEMORY_H 1
| #define HAVE_STRINGS_H 1
| #define HAVE_INTTYPES_H 1
| #define HAVE_STDINT_H 1
| #define HAVE_UNISTD_H 1
| #define HAVE_DLFCN_H 1
| #define LT_OBJDIR ".libs/"
| #define MOS_BYTE_ORDER MOS_LITTLE_ENDIAN
| #define _MOS_PTHREADS 1
| /* end confdefs.h.  */
| 
| /* Override any GCC internal prototype to avoid an error.
|    Use char because int might match the return type of a GCC
|    builtin and then its argument prototype would still apply.  */
| #ifdef __cplusplus
| extern "C"
| #endif
| char libusb_init ();
| int
| main ()
| {
| return libusb_init ();
|   ;
|   return 0;
| }
configure:9219: gcc -o conftest -g -O2   conftest.c -lusb-1.0  -lpthread -lm -ldl  >&5
configure:9219: $? = 0
configure:9236: result: -lusb-1.0
configure:9557: checking for newlocale in xlocale.h
configure:9572: gcc -c -g -O2  conftest.c >&5
conftest.c:34:14: fatal error: xlocale.h: No such file or directory
   34 |     #include <xlocale.h>
      |              ^~~~~~~~~~~
compilation terminated.
configure:9572: $? = 1
configure: failed program was:
| /* confdefs.h */
| #define PACKAGE_NAME "phidget22 C Library"
| #define PACKAGE_TARNAME "libphidget22"
| #define PACKAGE_VERSION "1.17.20231004"
| #define PACKAGE_STRING "phidget22 C Library 1.17.20231004"
| #define PACKAGE_BUGREPORT "support@phidgets.com"
| #define PACKAGE_URL "www.phidgets.com"
| #define PACKAGE "libphidget22"
| #define VERSION "1.17.20231004"
| #define P22_LIB_VERSION "1.17.20231004"
| #define _HOST_CPU x86_64
| #define _MACHINE x86_64
| #define STDC_HEADERS 1
| #define HAVE_SYS_TYPES_H 1
| #define HAVE_SYS_STAT_H 1
| #define HAVE_STDLIB_H 1
| #define HAVE_STRING_H 1
| #define HAVE_MEMORY_H 1
| #define HAVE_STRINGS_H 1
| #define HAVE_INTTYPES_H 1
| #define HAVE_STDINT_H 1
| #define HAVE_UNISTD_H 1
| #define HAVE_DLFCN_H 1
| #define LT_OBJDIR ".libs/"
| #define MOS_BYTE_ORDER MOS_LITTLE_ENDIAN
| #define _MOS_PTHREADS 1
| #define UNIX 1
| #define _LINUX 1
| #define Linux 1
| #define LIBUSB_ASYNC 1
| #define NDEBUG 1
| /* end confdefs.h.  */
| 
|     #include <xlocale.h>
| 
| int
| main ()
| {
| newlocale(LC_ALL_MASK, "C", NULL)
|   ;
|   return 0;
| }
configure:9585: result: no
configure:9587: checking for newlocale in locale.h
configure:9604: gcc -c -g -O2  conftest.c >&5
configure:9604: $? = 0
configure:9614: result: yes
configure:9785: checking that generated files are newer than configure
configure:9791: result: done
configure:9827: creating ./config.status

## ---------------------- ##
## Running config.status. ##
## ---------------------- ##

This file was extended by phidget22 C Library config.status 1.17.20231004, which was
generated by GNU Autoconf 2.69.  Invocation command line was

  CONFIG_FILES    = 
  CONFIG_HEADERS  = 
  CONFIG_LINKS    = 
  CONFIG_COMMANDS = 
  $ ./config.status 

on stephenq0503-ThinkPad-T480

config.status:1011: creating Makefile
config.status:1011: creating libphidget22.pc
config.status:1183: executing depfiles commands
config.status:1183: executing libtool commands

## ---------------- ##
## Cache variables. ##
## ---------------- ##

ac_cv_build=x86_64-unknown-linux-gnu
ac_cv_c_bigendian=no
ac_cv_c_compiler_gnu=yes
ac_cv_env_CC_set=
ac_cv_env_CC_value=
ac_cv_env_CFLAGS_set=
ac_cv_env_CFLAGS_value=
ac_cv_env_CPPFLAGS_set=
ac_cv_env_CPPFLAGS_value=
ac_cv_env_CPP_set=
ac_cv_env_CPP_value=
ac_cv_env_LDCONFIG_set=
ac_cv_env_LDCONFIG_value=
ac_cv_env_LDFLAGS_set=
ac_cv_env_LDFLAGS_value=
ac_cv_env_LIBS_set=
ac_cv_env_LIBS_value=
ac_cv_env_build_alias_set=
ac_cv_env_build_alias_value=
ac_cv_env_host_alias_set=
ac_cv_env_host_alias_value=
ac_cv_env_target_alias_set=
ac_cv_env_target_alias_value=
ac_cv_header_dlfcn_h=yes
ac_cv_header_inttypes_h=yes
ac_cv_header_memory_h=yes
ac_cv_header_stdc=yes
ac_cv_header_stdint_h=yes
ac_cv_header_stdlib_h=yes
ac_cv_header_string_h=yes
ac_cv_header_strings_h=yes
ac_cv_header_sys_stat_h=yes
ac_cv_header_sys_types_h=yes
ac_cv_header_unistd_h=yes
ac_cv_host=x86_64-unknown-linux-gnu
ac_cv_objext=o
ac_cv_path_EGREP='/usr/bin/grep -E'
ac_cv_path_FGREP='/usr/bin/grep -F'
ac_cv_path_GREP=/usr/bin/grep
ac_cv_path_LDCONFIG=/sbin/ldconfig
ac_cv_path_SED=/usr/bin/sed
ac_cv_path_install='/usr/bin/install -c'
ac_cv_path_mkdir=/usr/bin/mkdir
ac_cv_prog_AWK=mawk
ac_cv_prog_CPP='gcc -E'
ac_cv_prog_ac_ct_AR=ar
ac_cv_prog_ac_ct_CC=gcc
ac_cv_prog_ac_ct_MANIFEST_TOOL=mt
ac_cv_prog_ac_ct_OBJDUMP=objdump
ac_cv_prog_ac_ct_RANLIB=ranlib
ac_cv_prog_ac_ct_STRIP=strip
ac_cv_prog_cc_c89=
ac_cv_prog_cc_c99=
ac_cv_prog_cc_g=yes
ac_cv_prog_make_make_set=yes
ac_cv_search_dlopen=-ldl
ac_cv_search_libusb_init=-lusb-1.0
ac_cv_search_pthread_create=-lpthread
ac_cv_search_sqrt=-lm
am_cv_CC_dependencies_compiler_type=gcc3
am_cv_ar_interface=ar
am_cv_make_support_nested_variables=yes
am_cv_prog_cc_c_o=yes
lt_cv_ar_at_file=@
lt_cv_archive_cmds_need_lc=no
lt_cv_deplibs_check_method=pass_all
lt_cv_file_magic_cmd='$MAGIC_CMD'
lt_cv_file_magic_test_file=
lt_cv_ld_reload_flag=-r
lt_cv_nm_interface='BSD nm'
lt_cv_objdir=.libs
lt_cv_path_LD=/usr/bin/ld
lt_cv_path_NM='/usr/bin/nm -B'
lt_cv_path_mainfest_tool=no
lt_cv_prog_compiler_c_o=yes
lt_cv_prog_compiler_pic='-fPIC -DPIC'
lt_cv_prog_compiler_pic_works=yes
lt_cv_prog_compiler_rtti_exceptions=no
lt_cv_prog_compiler_static_works=yes
lt_cv_prog_gnu_ld=yes
lt_cv_sharedlib_from_linklib_cmd='printf %s\n'
lt_cv_shlibpath_overrides_runpath=yes
lt_cv_sys_global_symbol_pipe='sed -n -e '\''s/^.*[	 ]\([ABCDGIRSTW][ABCDGIRSTW]*\)[	 ][	 ]*\([_A-Za-z][_A-Za-z0-9]*\)$/\1 \2 \2/p'\'' | sed '\''/ __gnu_lto/d'\'''
lt_cv_sys_global_symbol_to_c_name_address='sed -n -e '\''s/^: \([^ ]*\)[ ]*$/  {\"\1\", (void *) 0},/p'\'' -e '\''s/^[ABCDGIRSTW]* \([^ ]*\) \([^ ]*\)$/  {"\2", (void *) \&\2},/p'\'''
lt_cv_sys_global_symbol_to_c_name_address_lib_prefix='sed -n -e '\''s/^: \([^ ]*\)[ ]*$/  {\"\1\", (void *) 0},/p'\'' -e '\''s/^[ABCDGIRSTW]* \([^ ]*\) \(lib[^ ]*\)$/  {"\2", (void *) \&\2},/p'\'' -e '\''s/^[ABCDGIRSTW]* \([^ ]*\) \([^ ]*\)$/  {"lib\2", (void *) \&\2},/p'\'''
lt_cv_sys_global_symbol_to_cdecl='sed -n -e '\''s/^T .* \(.*\)$/extern int \1();/p'\'' -e '\''s/^[ABCDGIRSTW]* .* \(.*\)$/extern char \1;/p'\'''
lt_cv_sys_max_cmd_len=1572864
lt_cv_to_host_file_cmd=func_convert_file_noop
lt_cv_to_tool_file_cmd=func_convert_file_noop

## ----------------- ##
## Output variables. ##
## ----------------- ##

ACLOCAL='${SHELL} /home/stephenq0503/Desktop/Rover/RoverFlake/libphidget22-1.17.20231004/build/missing aclocal-1.14'
AMDEPBACKSLASH='\'
AMDEP_FALSE='#'
AMDEP_TRUE=''
AMTAR='$${TAR-tar}'
AM_BACKSLASH='\'
AM_DEFAULT_V='$(AM_DEFAULT_VERBOSITY)'
AM_DEFAULT_VERBOSITY='0'
AM_V='$(V)'
AR='ar'
AUTOCONF='${SHELL} /home/stephenq0503/Desktop/Rover/RoverFlake/libphidget22-1.17.20231004/build/missing autoconf'
AUTOHEADER='${SHELL} /home/stephenq0503/Desktop/Rover/RoverFlake/libphidget22-1.17.20231004/build/missing autoheader'
AUTOMAKE='${SHELL} /home/stephenq0503/Desktop/Rover/RoverFlake/libphidget22-1.17.20231004/build/missing automake-1.14'
AWK='mawk'
CC='gcc'
CCDEPMODE='depmode=gcc3'
CFLAGS='-g -O2'
CPP='gcc -E'
CPPFLAGS=''
CYGPATH_W='echo'
DEFS='-DPACKAGE_NAME=\"phidget22\ C\ Library\" -DPACKAGE_TARNAME=\"libphidget22\" -DPACKAGE_VERSION=\"1.17.20231004\" -DPACKAGE_STRING=\"phidget22\ C\ Library\ 1.17.20231004\" -DPACKAGE_BUGREPORT=\"support@phidgets.com\" -DPACKAGE_URL=\"www.phidgets.com\" -DPACKAGE=\"libphidget22\" -DVERSION=\"1.17.20231004\" -DP22_LIB_VERSION=\"1.17.20231004\" -D_HOST_CPU=x86_64 -D_MACHINE=x86_64 -DSTDC_HEADERS=1 -DHAVE_SYS_TYPES_H=1 -DHAVE_SYS_STAT_H=1 -DHAVE_STDLIB_H=1 -DHAVE_STRING_H=1 -DHAVE_MEMORY_H=1 -DHAVE_STRINGS_H=1 -DHAVE_INTTYPES_H=1 -DHAVE_STDINT_H=1 -DHAVE_UNISTD_H=1 -DHAVE_DLFCN_H=1 -DLT_OBJDIR=\".libs/\" -DMOS_BYTE_ORDER=MOS_LITTLE_ENDIAN -D_MOS_PTHREADS=1 -DUNIX=1 -D_LINUX=1 -DLinux=1 -DLIBUSB_ASYNC=1 -DNDEBUG=1 -DTHREAD_LOCALE_LOCALE_H=1'
DEPDIR='.deps'
DLLTOOL='false'
DSYMUTIL=''
DUMPBIN=''
ECHO_C=''
ECHO_N='-n'
ECHO_T=''
EGREP='/usr/bin/grep -E'
EXEEXT=''
FGREP='/usr/bin/grep -F'
GREP='/usr/bin/grep'
INSTALL_DATA='${INSTALL} -m 644'
INSTALL_PROGRAM='${INSTALL}'
INSTALL_SCRIPT='${INSTALL}'
INSTALL_STRIP_PROGRAM='$(install_sh) -c -s'
LABVIEW_FALSE=''
LABVIEW_TRUE='#'
LD='/usr/bin/ld -m elf_x86_64'
LDCONFIG='/sbin/ldconfig'
LDFLAGS=''
LIBOBJS=''
LIBS='-lusb-1.0 -lpthread -lm -ldl '
LIBTOOL='$(SHELL) $(top_builddir)/libtool'
LIPO=''
LN_S='ln -s'
LTLIBOBJS=''
MAKEINFO='${SHELL} /home/stephenq0503/Desktop/Rover/RoverFlake/libphidget22-1.17.20231004/build/missing makeinfo'
MANIFEST_TOOL=':'
MKDIR_P='/usr/bin/mkdir -p'
NM='/usr/bin/nm -B'
NMEDIT=''
OBJDUMP='objdump'
OBJEXT='o'
OS='Linux'
OTOOL64=''
OTOOL=''
PACKAGE='libphidget22'
PACKAGE_BUGREPORT='support@phidgets.com'
PACKAGE_NAME='phidget22 C Library'
PACKAGE_STRING='phidget22 C Library 1.17.20231004'
PACKAGE_TARNAME='libphidget22'
PACKAGE_URL='www.phidgets.com'
PACKAGE_VERSION='1.17.20231004'
PATH_SEPARATOR=':'
RANLIB='ranlib'
RUN_LDCONFIG_FALSE='#'
RUN_LDCONFIG_TRUE=''
SED='/usr/bin/sed'
SET_MAKE=''
SHELL='/bin/bash'
SPI_FALSE=''
SPI_TRUE='#'
STRIP='strip'
VERSION='1.17.20231004'
ac_ct_AR='ar'
ac_ct_CC='gcc'
ac_ct_DUMPBIN=''
am__EXEEXT_FALSE=''
am__EXEEXT_TRUE='#'
am__fastdepCC_FALSE='#'
am__fastdepCC_TRUE=''
am__include='include'
am__isrc=''
am__leading_dot='.'
am__nodep='_no'
am__quote=''
am__tar='$${TAR-tar} chof - "$$tardir"'
am__untar='$${TAR-tar} xf -'
bindir='${exec_prefix}/bin'
build='x86_64-unknown-linux-gnu'
build_alias=''
build_cpu='x86_64'
build_os='linux-gnu'
build_vendor='unknown'
datadir='${datarootdir}'
datarootdir='${prefix}/share'
docdir='${datarootdir}/doc/${PACKAGE_TARNAME}'
dvidir='${docdir}'
exec_prefix='${prefix}'
host='x86_64-unknown-linux-gnu'
host_alias=''
host_cpu='x86_64'
host_os='linux-gnu'
host_vendor='unknown'
htmldir='${docdir}'
includedir='${prefix}/include'
infodir='${datarootdir}/info'
install_sh='${SHELL} /home/stephenq0503/Desktop/Rover/RoverFlake/libphidget22-1.17.20231004/build/install-sh'
libdir='${exec_prefix}/lib'
libexecdir='${exec_prefix}/libexec'
localedir='${datarootdir}/locale'
localstatedir='${prefix}/var'
mandir='${datarootdir}/man'
mkdir_p='$(MKDIR_P)'
oldincludedir='/usr/include'
pdfdir='${docdir}'
prefix='/usr/local'
program_transform_name='s,x,x,'
psdir='${docdir}'
sbindir='${exec_prefix}/sbin'
sharedstatedir='${prefix}/com'
sysconfdir='${prefix}/etc'
target_alias=''

## ----------- ##
## confdefs.h. ##
## ----------- ##

/* confdefs.h */
#define PACKAGE_NAME "phidget22 C Library"
#define PACKAGE_TARNAME "libphidget22"
#define PACKAGE_VERSION "1.17.20231004"
#define PACKAGE_STRING "phidget22 C Library 1.17.20231004"
#define PACKAGE_BUGREPORT "support@phidgets.com"
#define PACKAGE_URL "www.phidgets.com"
#define PACKAGE "libphidget22"
#define VERSION "1.17.20231004"
#define P22_LIB_VERSION "1.17.20231004"
#define _HOST_CPU x86_64
#define _MACHINE x86_64
#define STDC_HEADERS 1
#define HAVE_SYS_TYPES_H 1
#define HAVE_SYS_STAT_H 1
#define HAVE_STDLIB_H 1
#define HAVE_STRING_H 1
#define HAVE_MEMORY_H 1
#define HAVE_STRINGS_H 1
#define HAVE_INTTYPES_H 1
#define HAVE_STDINT_H 1
#define HAVE_UNISTD_H 1
#define HAVE_DLFCN_H 1
#define LT_OBJDIR ".libs/"
#define MOS_BYTE_ORDER MOS_LITTLE_ENDIAN
#define _MOS_PTHREADS 1
#define UNIX 1
#define _LINUX 1
#define Linux 1
#define LIBUSB_ASYNC 1
#define NDEBUG 1
#define THREAD_LOCALE_LOCALE_H 1

configure: exit 0
